<?xml version="1.0" encoding="UTF-8"?>
<testsuite xmlns:xsi="http://www.w3.org/2001/XMLSchema-instance" xsi:noNamespaceSchemaLocation="https://maven.apache.org/surefire/maven-surefire-plugin/xsd/surefire-test-report.xsd" name="test.java.components.graph.algorithms.index.IndexGRGTest" time="0.008" tests="5" errors="0" skipped="0" failures="0">
  <properties>
[...]
</properties>
  <testcase name="testGrgAny" classname="test.java.components.graph.algorithms.index.IndexGRGTest" time="0.002"/>
  <testcase name="testGrgAnyFull" classname="test.java.components.graph.algorithms.index.IndexGRGTest" time="0.003"/>
  <testcase name="testIndexGRG" classname="test.java.components.graph.algorithms.index.IndexGRGTest" time="0.001"/>
  <testcase name="testIndexGRG1" classname="test.java.components.graph.algorithms.index.IndexGRGTest" time="0"/>
  <testcase name="testIndexGRG2" classname="test.java.components.graph.algorithms.index.IndexGRGTest" time="0.001"/>
</testsuite>